# x, m   P, bar   Sw
0 330.0 0.7
0.05 329.873219047 0.699999042581
0.1 329.746436607 0.699994126602
0.15 329.619649929 0.699968794725
0.2 329.492844909 0.699874055269
0.25 329.365973624 0.699606670594
0.3 329.238916754 0.699005699609
0.35 329.111443029 0.697883911789
0.4 328.983188851 0.696084704689
0.45 328.853674964 0.693531317916
0.5 328.722355649 0.69024091223
0.55 328.588678625 0.686303744066
0.6 328.452133837 0.681847340252
0.65 328.312281258 0.677004765976
0.7 328.168759254 0.671895082188
0.75 328.021280199 0.666615210778
0.8 327.869619934 0.661239141582
0.85 327.713605574 0.655820691115
0.9 327.553104042 0.65039737942
0.95 327.388012285 0.644994192379
1.0 327.218249358 0.639626749278
1.05 327.043750169 0.63430378038
1.1 326.864460619 0.629028981658
1.15 326.680333812 0.623802362618
1.2 326.491327077 0.618621202057
1.25 326.297399593 0.613480707707
1.3 326.098510429 0.6083744535
1.35 325.894616881 0.603294648009
1.4 325.685672978 0.598232271043
1.45 325.471628088 0.593177101983
1.5 325.252425515 0.588117652576
1.55 325.028001052 0.583041007498
1.6 324.798281375 0.577932567131
1.65 324.563182226 0.572775677606
1.7 324.322606281 0.567551122178
1.75 324.07644059 0.562236433959
1.8 323.824553448 0.556804971222
1.85 323.56679052 0.551224670505
1.9 323.30297 0.545456356552
1.95 323.032876507 0.539451438219
2.0 322.756253388 0.533148753209
2.05 322.472793036 0.526470244372
2.1 322.182124868 0.519315076785
2.15 321.883800874 0.511551810999
2.2 321.577279426 0.503008550008
2.25 321.261910121 0.493462156339
2.3 320.936927308 0.482631120868
2.35 320.601470452 0.470185510078
2.4 320.254669227 0.455806156953
2.45 319.895857891 0.43935199783
2.5 319.524983739 0.421187156103
2.55 319.143142072 0.402550425966
2.6 318.752818606 0.385484432552
2.65 318.357264182 0.371909332149
2.7 317.959258679 0.362532577186
2.75 317.560412352 0.356770413239
2.8 317.161379881 0.353511775871
2.85 316.762348605 0.351764819014
2.9 316.363347404 0.35085876766
2.95 315.96436806 0.350398656799
3.0 315.565399569 0.350168409826
3.05 315.166434445 0.350054520564
3.1 314.767468354 0.349998774273
3.15 314.368498902 0.349971778414
3.2 313.969524762 0.349958865667
3.25 313.570545155 0.349952789209
3.3 313.17155958 0.349950001445
3.35 312.772567671 0.349948781352
3.4 312.37356913 0.349948301599
3.45 311.974563691 0.349948168146
3.5 311.575551101 0.349948195095
3.55 311.176531118 0.349948295589
3.6 310.777503499 0.349948429445
3.65 310.378468005 0.34994857826
3.7 309.979424399 0.349948733692
3.75 309.580372441 0.349948891997
3.8 309.181311893 0.349949051513
3.85 308.782242517 0.349949211511
3.9 308.383164074 0.349949371673
3.95 307.984076326 0.349949531864
4.0 307.584979036 0.349949692025
4.05 307.185871964 0.349949852133
4.1 306.786754872 0.349950012177
4.15 306.387627521 0.349950172154
4.2 305.988489674 0.349950332063
4.25 305.589341091 0.349950491903
4.3 305.190181534 0.349950651674
4.35 304.791010764 0.349950811376
4.4 304.391828543 0.349950971011
4.45 303.992634631 0.349951130578
4.5 303.593428791 0.349951290077
4.55 303.194210783 0.349951449509
4.6 302.794980368 0.349951608875
4.65 302.395737307 0.349951768175
4.7 301.996481362 0.349951927409
4.75 301.597212293 0.349952086577
4.8 301.197929862 0.34995224568
4.85 300.798633829 0.349952404718
4.9 300.399323954 0.349952563693
4.95 300.0 0.35
