# x, m   P, bar   Sw
0 330.0 0.7
0.05 329.69730267 0.69999876019
0.1 329.394598929 0.699997520235
0.15 329.091888777 0.699996280121
0.2 328.789172214 0.699995039831
0.25 328.486449237 0.699993799345
0.3 328.183719848 0.699992558638
0.35 327.880984045 0.699991317681
0.4 327.578241828 0.699990076441
0.45 327.275493196 0.699988834878
0.5 326.972738147 0.699987592946
0.55 326.669976682 0.699986350592
0.6 326.367208798 0.699985107756
0.65 326.064434496 0.69998386437
0.7 325.761653773 0.699982620357
0.75 325.458866629 0.69998137563
0.8 325.156073061 0.699980130094
0.85 324.853273069 0.699978883643
0.9 324.55046665 0.699977636157
0.95 324.247653803 0.69997638751
1.0 323.944834525 0.699975137561
1.05 323.642008814 0.699973886157
1.1 323.339176667 0.699972633134
1.15 323.036338082 0.699971378312
1.2 322.733493054 0.699970121502
1.25 322.430641582 0.699968862497
1.3 322.127783659 0.699967601081
1.35 321.824919284 0.699966337021
1.4 321.52204845 0.699965070069
1.45 321.219171153 0.699963799965
1.5 320.916287387 0.699962526434
1.55 320.613397148 0.699961249184
1.6 320.310500427 0.699959967911
1.65 320.007597219 0.699958682294
1.7 319.704687516 0.699957391996
1.75 319.401771311 0.699956096667
1.8 319.098848595 0.69995479594
1.85 318.795919358 0.69995348943
1.9 318.492983591 0.699952176739
1.95 318.190041285 0.699950857452
2.0 317.887092427 0.699949531135
2.05 317.584137007 0.699948197341
2.1 317.281175012 0.699946855603
2.15 316.978206428 0.699945505437
2.2 316.675231243 0.699944146342
2.25 316.37224944 0.6999427778
2.3 316.069261005 0.699941399271
2.35 315.766265922 0.699940010201
2.4 315.463264172 0.699938610013
2.45 315.160255737 0.699937198112
2.5 314.857240599 0.699935773884
2.55 314.554218738 0.699934336691
2.6 314.251190131 0.699932885877
2.65 313.948154757 0.699931420765
2.7 313.645112592 0.699929940652
2.75 313.342063611 0.699928444815
2.8 313.03900779 0.699926932507
2.85 312.735945101 0.699925402956
2.9 312.432875515 0.699923855366
2.95 312.129799005 0.699922288913
3.0 311.826715538 0.699920702749
3.05 311.523625083 0.699919095995
3.1 311.220527605 0.699917467744
3.15 310.917423071 0.69991581706
3.2 310.614311444 0.699914142974
3.25 310.311192685 0.699912444481
3.3 310.008066754 0.699910720542
3.35 309.704933611 0.699908970077
3.4 309.401793213 0.699907191961
3.45 309.098645513 0.699905385018
3.5 308.795490466 0.699903548006
3.55 308.492328022 0.699901679609
3.6 308.189158131 0.699899778404
3.65 307.885980739 0.699897842824
3.7 307.582795791 0.699895871105
3.75 307.279603228 0.699893861189
3.8 306.976402987 0.699891810597
3.85 306.673195003 0.69988971623
3.9 306.369979205 0.699887574081
3.95 306.066755515 0.699885378824
4.0 305.763523847 0.699883123233
4.05 305.460284104 0.699880797362
4.1 305.157036172 0.699878387441
4.15 304.853779914 0.699875874374
4.2 304.550515165 0.699873231754
4.25 304.247241713 0.699870423296
4.3 303.943959293 0.699867399545
4.35 303.640667555 0.699864093778
4.4 303.337366044 0.699860416978
4.45 303.034054161 0.699856251806
4.5 302.730731117 0.699851445562
4.55 302.427395878 0.69984580214
4.6 302.124047091 0.699839073117
4.65 301.820683004 0.699830948186
4.7 301.517301363 0.699821045269
4.75 301.213899297 0.699808900772
4.8 300.910473187 0.699793960558
4.85 300.607018517 0.699775572324
4.9 300.303529719 0.699752980112
4.95 300.0 0.35
