# x, m   P, bar   Sw
0 330.0 0.7
0.05 329.901969962 0.653967932086
0.1 329.776372686 0.60357280815
0.15 329.614350413 0.555953044668
0.2 329.413238618 0.508779017012
0.25 329.172482402 0.460366393366
0.3 328.895984464 0.414098006063
0.35 328.595824611 0.379234988851
0.4 328.28670175 0.360588514307
0.45 327.975962214 0.353246881802
0.5 327.665155637 0.350887288053
0.55 327.354392939 0.350219783632
0.6 327.043648736 0.350047715328
0.65 326.732910113 0.350006724338
0.7 326.422173192 0.349997643572
0.75 326.111436924 0.349995770899
0.8 325.800700988 0.34999541701
0.85 325.489965231 0.349995362891
0.9 325.179229538 0.349995364399
0.95 324.868493799 0.349995375641
1.0 324.557757909 0.349995388491
1.05 324.247021759 0.349995401588
1.1 323.936285242 0.349995414719
1.15 323.625548253 0.349995427849
1.2 323.314810682 0.349995440975
1.25 323.004072424 0.349995454096
1.3 322.693333372 0.349995467213
1.35 322.382593418 0.349995480325
1.4 322.071852455 0.349995493434
1.45 321.761110377 0.349995506538
1.5 321.450367075 0.349995519638
1.55 321.139622444 0.349995532734
1.6 320.828876376 0.349995545827
1.65 320.518128764 0.349995558917
1.7 320.207379501 0.349995572003
1.75 319.89662848 0.349995585086
1.8 319.585875593 0.349995598167
1.85 319.275120735 0.349995611245
1.9 318.964363796 0.349995624321
1.95 318.653604672 0.349995637394
2.0 318.342843253 0.349995650466
2.05 318.032079434 0.349995663535
2.1 317.721313107 0.349995676603
2.15 317.410544165 0.349995689669
2.2 317.099772501 0.349995702734
2.25 316.788998007 0.349995715798
2.3 316.478220577 0.34999572886
2.35 316.167440104 0.349995741922
2.4 315.856656479 0.349995754984
2.45 315.545869597 0.349995768045
2.5 315.235079349 0.349995781105
2.55 314.924285629 0.349995794166
2.6 314.61348833 0.349995807226
2.65 314.302687343 0.349995820287
2.7 313.991882563 0.349995833348
2.75 313.681073882 0.34999584641
2.8 313.370261192 0.349995859473
2.85 313.059444386 0.349995872537
2.9 312.748623357 0.349995885602
2.95 312.437797998 0.349995898668
3.0 312.126968202 0.349995911736
3.05 311.816133861 0.349995924805
3.1 311.505294867 0.349995937877
3.15 311.194451115 0.34999595095
3.2 310.883602495 0.349995964025
3.25 310.572748902 0.349995977103
3.3 310.261890227 0.349995990184
3.35 309.951026363 0.349996003267
3.4 309.640157203 0.349996016354
3.45 309.32928264 0.349996029443
3.5 309.018402566 0.349996042536
3.55 308.707516873 0.349996055632
3.6 308.396625455 0.349996068732
3.65 308.085728204 0.349996081835
3.7 307.774825012 0.349996094943
3.75 307.463915772 0.349996108054
3.8 307.153000377 0.34999612117
3.85 306.842078719 0.349996134291
3.9 306.53115069 0.349996147416
3.95 306.220216184 0.349996160547
4.0 305.909275092 0.349996173682
4.05 305.598327306 0.349996186822
4.1 305.287372721 0.349996199968
4.15 304.976411227 0.349996213119
4.2 304.665442718 0.349996226276
4.25 304.354467085 0.34999623944
4.3 304.043484222 0.349996252609
4.35 303.73249402 0.349996265784
4.4 303.421496372 0.349996278966
4.45 303.11049117 0.349996292155
4.5 302.799478307 0.34999630535
4.55 302.488457674 0.349996318552
4.6 302.177429165 0.349996331761
4.65 301.866392671 0.349996344978
4.7 301.555348085 0.349996358202
4.75 301.244295299 0.349996371434
4.8 300.933234206 0.349996384674
4.85 300.622164696 0.349996397922
4.9 300.311086664 0.349996411178
4.95 300.0 0.35
