# x, m   P, bar   Sw
0 330.0 0.7
0.05 329.783348873 0.699999022847
0.1 329.566694285 0.699997952219
0.15 329.350036089 0.699996780099
0.2 329.133374129 0.699995498281
0.25 328.916708241 0.699994099743
0.3 328.700038249 0.699992579612
0.35 328.483363976 0.699990934697
0.4 328.266685237 0.699989159715
0.45 328.050001844 0.699987235581
0.5 327.833313585 0.699985098811
0.55 327.616620175 0.699982569958
0.6 327.399921121 0.699979203451
0.65 327.183215413 0.699974006
0.7 326.966500887 0.699964966431
0.75 326.749773046 0.699948362415
0.8 326.533023071 0.699917873196
0.85 326.316234803 0.699863632508
0.9 326.099380621 0.699771475426
0.95 325.882416427 0.699622710644
1.0 325.665276335 0.699394719036
1.05 325.447868 0.699062504393
1.1 325.230069646 0.698601038156
1.15 325.011729695 0.697987956809
1.2 324.792669393 0.69720602185
1.25 324.572688195 0.696244813547
1.3 324.351571079 0.695101370125
1.35 324.129096669 0.693779787937
1.4 323.905045034 0.692290039574
1.45 323.679204329 0.6906463759
1.5 323.451375801 0.688865658633
1.55 323.221377049 0.686965872702
1.6 322.989043718 0.684964950037
1.65 322.754229905 0.682879937933
1.7 322.51680764 0.680726481388
1.75 322.276665753 0.678518558158
1.8 322.033708401 0.676268398411
1.85 321.787853434 0.673986527566
1.9 321.539030759 0.671681883239
1.95 321.287180774 0.669361970394
2.0 321.032252921 0.667033030231
2.05 320.774204389 0.664700207362
2.1 320.512998963 0.662367706342
2.15 320.248606023 0.660038933042
2.2 319.980999676 0.65771661925
2.25 319.710158007 0.6554029306
2.3 319.436062441 0.653099558905
2.35 319.158697197 0.650807800424
2.4 318.878048817 0.64852862178
2.45 318.594105772 0.646262715202
2.5 318.30685812 0.644010544652
2.55 318.016297215 0.641772384233
2.6 317.722415458 0.639548350118
2.65 317.425206081 0.637338427028
2.7 317.124662966 0.635142490171
2.75 316.820780483 0.63296032338
2.8 316.513553348 0.630791634087
2.85 316.202976509 0.628636065648
2.9 315.889045033 0.626493207456
2.95 315.571754013 0.624362603206
3.0 315.251098483 0.622243757598
3.05 314.927073346 0.620136141729
3.1 314.599673298 0.618039197372
3.15 314.268892771 0.615952340304
3.2 313.93472587 0.61387496282
3.25 313.597166318 0.611806435537
3.3 313.256207404 0.609746108579
3.35 312.91184193 0.607693312203
3.4 312.564062161 0.605647356932
3.45 312.212859775 0.603607533215
3.5 311.858225814 0.601573110657
3.55 311.500150628 0.599543336825
3.6 311.138623826 0.597517435636
3.65 310.773634221 0.59549460532
3.7 310.405169766 0.593474015949
3.75 310.033217497 0.591454806493
3.8 309.657763465 0.589436081379
3.85 309.278792665 0.587416906493
3.9 308.896288955 0.585396304568
3.95 308.510234975 0.583373249871
4.0 308.120612051 0.5813466621
4.05 307.727400092 0.579315399361
4.1 307.330577479 0.57727825009
4.15 306.930120932 0.575233923725
4.2 306.526005375 0.573181039924
4.25 306.11820377 0.571118116064
4.3 305.706686943 0.569043552673
4.35 305.291423379 0.566955616429
4.4 304.872378992 0.564852420197
4.45 304.44951686 0.562731899521
4.5 304.022796928 0.560591784787
4.55 303.592175665 0.55842956812
4.6 303.157605657 0.55624246381
4.65 302.719035155 0.554027360746
4.7 302.276407533 0.551780764942
4.75 301.829660659 0.549498729678
4.8 301.378726158 0.547176770067
4.85 300.923528541 0.544809757947
4.9 300.463984165 0.542391791687
4.95 300.0 0.35
